[2012-12-22 20:02:02] request.CRITICAL: Symfony\Component\Config\Exception\FileLoaderLoadException: Cannot import resource "@ZMBHelloBundle/Resources/config/routing.yml" from "D:/Symfony/app/config/routing.yml". Make sure the "ZMBHelloBundle/Resources/config/routing.yml" bundle is correctly registered and loaded in the application kernel class. (uncaught exception) at D:\Symfony\vendor\symfony\symfony\src\Symfony\Component\Config\Loader\FileLoader.php line 89 [] []
[2012-12-22 20:02:05] request.CRITICAL: Symfony\Component\Config\Exception\FileLoaderLoadException: Cannot import resource "@ZMBHelloBundle/Resources/config/routing.yml" from "D:/Symfony/app/config/routing.yml". Make sure the "ZMBHelloBundle/Resources/config/routing.yml" bundle is correctly registered and loaded in the application kernel class. (uncaught exception) at D:\Symfony\vendor\symfony\symfony\src\Symfony\Component\Config\Loader\FileLoader.php line 89 [] []
[2012-12-22 20:02:09] request.CRITICAL: Symfony\Component\Config\Exception\FileLoaderLoadException: Cannot import resource "@ZMBHelloBundle/Resources/config/routing.yml" from "D:/Symfony/app/config/routing.yml". Make sure the "ZMBHelloBundle/Resources/config/routing.yml" bundle is correctly registered and loaded in the application kernel class. (uncaught exception) at D:\Symfony\vendor\symfony\symfony\src\Symfony\Component\Config\Loader\FileLoader.php line 89 [] []
[2012-12-23 13:50:43] request.ERROR: Symfony\Component\HttpKernel\Exception\NotFoundHttpException: No route found for "GET /" (uncaught exception) at D:\Symfony\vendor\symfony\symfony\src\Symfony\Component\HttpKernel\EventListener\RouterListener.php line 92 [] []
[2013-01-02 11:31:35] request.ERROR: Symfony\Component\HttpKernel\Exception\NotFoundHttpException: No route found for "GET /data/create/" (uncaught exception) at D:\Symfony\app\cache\prod\classes.php line 5208 [] []
[2013-01-02 17:34:01] request.ERROR: Symfony\Component\HttpKernel\Exception\NotFoundHttpException: No route found for "GET /data/show/" (uncaught exception) at D:\Symfony\app\cache\prod\classes.php line 5208 [] []
[2013-01-02 17:35:13] request.ERROR: Symfony\Component\HttpKernel\Exception\NotFoundHttpException: No route found for "GET /data/show/" (uncaught exception) at D:\Symfony\app\cache\prod\classes.php line 5208 [] []
[2013-01-02 17:35:22] request.ERROR: Symfony\Component\HttpKernel\Exception\NotFoundHttpException: No route found for "GET /data/show/" (uncaught exception) at D:\Symfony\app\cache\prod\classes.php line 5208 [] []
[2013-01-02 17:36:08] request.ERROR: Symfony\Component\HttpKernel\Exception\NotFoundHttpException: No route found for "GET /data/show/" (uncaught exception) at D:\Symfony\app\cache\prod\classes.php line 5208 [] []
[2013-01-02 17:36:11] request.ERROR: Symfony\Component\HttpKernel\Exception\NotFoundHttpException: No route found for "GET /data/show/" (uncaught exception) at D:\Symfony\app\cache\prod\classes.php line 5208 [] []
[2013-01-02 17:37:03] request.ERROR: Symfony\Component\HttpKernel\Exception\NotFoundHttpException: No route found for "GET /data/show/" (uncaught exception) at D:\Symfony\app\cache\prod\classes.php line 5208 [] []
[2013-01-02 20:00:43] request.ERROR: Symfony\Component\HttpKernel\Exception\NotFoundHttpException: No route found for "GET /data/show/" (uncaught exception) at D:\Symfony\app\cache\prod\classes.php line 5208 [] []
[2013-01-02 20:01:13] request.ERROR: Symfony\Component\HttpKernel\Exception\NotFoundHttpException: No route found for "GET /data/show/" (uncaught exception) at D:\Symfony\app\cache\prod\classes.php line 5208 [] []
[2013-01-02 20:04:39] request.ERROR: Symfony\Component\HttpKernel\Exception\NotFoundHttpException: No route found for "GET /data/create/" (uncaught exception) at D:\Symfony\app\cache\prod\classes.php line 5208 [] []
[2013-01-02 20:05:19] request.ERROR: Symfony\Component\HttpKernel\Exception\NotFoundHttpException: No route found for "GET /data/create/" (uncaught exception) at D:\Symfony\app\cache\prod\classes.php line 5208 [] []
[2013-01-02 20:05:29] request.ERROR: Symfony\Component\HttpKernel\Exception\NotFoundHttpException: No route found for "GET /data/create/" (uncaught exception) at D:\Symfony\app\cache\prod\classes.php line 5208 [] []
[2013-01-02 20:07:45] request.ERROR: Symfony\Component\HttpKernel\Exception\NotFoundHttpException: No route found for "GET /data/create/" (uncaught exception) at D:\Symfony\app\cache\prod\classes.php line 5208 [] []
[2013-01-02 20:08:11] request.ERROR: Symfony\Component\HttpKernel\Exception\NotFoundHttpException: No route found for "GET /data/create/" (uncaught exception) at D:\Symfony\app\cache\prod\classes.php line 5208 [] []
[2013-01-02 20:08:24] request.ERROR: Symfony\Component\HttpKernel\Exception\NotFoundHttpException: No route found for "GET /data/create" (uncaught exception) at D:\Symfony\app\cache\prod\classes.php line 5208 [] []
[2013-01-02 20:08:36] request.ERROR: Symfony\Component\HttpKernel\Exception\NotFoundHttpException: No route found for "GET /data/show/1" (uncaught exception) at D:\Symfony\app\cache\prod\classes.php line 5208 [] []
[2013-01-02 20:11:21] request.ERROR: Symfony\Component\HttpKernel\Exception\NotFoundHttpException: No route found for "GET /data/show/1" (uncaught exception) at D:\Symfony\app\cache\prod\classes.php line 5208 [] []
[2013-01-02 20:11:28] request.ERROR: Symfony\Component\HttpKernel\Exception\NotFoundHttpException: No route found for "GET /data/create" (uncaught exception) at D:\Symfony\app\cache\prod\classes.php line 5208 [] []
[2013-01-02 20:11:30] request.ERROR: Symfony\Component\HttpKernel\Exception\NotFoundHttpException: No route found for "GET /data/create/" (uncaught exception) at D:\Symfony\app\cache\prod\classes.php line 5208 [] []
[2013-01-02 20:11:42] request.ERROR: Symfony\Component\HttpKernel\Exception\NotFoundHttpException: No route found for "GET /data/create/" (uncaught exception) at D:\Symfony\app\cache\prod\classes.php line 5208 [] []
[2013-01-02 20:12:15] request.ERROR: Symfony\Component\HttpKernel\Exception\NotFoundHttpException: No route found for "GET /data/create/" (uncaught exception) at D:\Symfony\app\cache\prod\classes.php line 5208 [] []
